make all --print-data-base --no-builtin-variables --no-builtin-rules --question
# GNU Make 3.81
# Copyright (C) 2006  Free Software Foundation, Inc.
# This is free software; see the source for copying conditions.
# There is NO warranty; not even for MERCHANTABILITY or FITNESS FOR A
# PARTICULAR PURPOSE.

# This program built for i386-apple-darwin11.3.0
 

# Make data base, printed on Thu Oct 28 12:14:08 2021

# Variables

 
# automatic
<D = $(patsubst %/,%,$(dir $<))
# automatic
?F = $(notdir $?)
# environment
VSCODE_LOG_NATIVE = false
# automatic
?D = $(patsubst %/,%,$(dir $?))
# automatic
@D = $(patsubst %/,%,$(dir $@))
# automatic
@F = $(notdir $@)
# makefile
CURDIR := /Users/nhs/minishell
# makefile
SHELL = /bin/sh
# environment
VSCODE_NLS_CONFIG = {"locale":"en","availableLanguages":{},"_languagePackSupport":true}
# environment
_ = /usr/bin/make
# makefile (from `Makefile', line 2)
CFLAGS = -Wall -Wextra -Werror -g3 -fsanitize=address -Qunused-arguments `pkg-config --libs --cflags readline`
# makefile (from `Makefile', line 1)
MAKEFILE_LIST :=  Makefile
# environment
VSCODE_VERBOSE_LOGGING = true
# environment
__CFBundleIdentifier = com.microsoft.VSCode
# environment
P9K_SSH = 0
# environment
VSCODE_IPC_HOOK_EXTHOST = /var/folders/mz/r3r1c9c51zvdx5bxlbln6qfm0000gn/T/vscode-ipc-768db7ce-db08-4f2a-b5e0-6989905d6b32.sock
# environment
VSCODE_CWD = /
# environment
PATH = /Library/Frameworks/Python.framework/Versions/3.8/bin:/opt/local/bin:/opt/local/sbin:/usr/local/bin:/usr/bin:/bin:/usr/sbin:/sbin:/Library/Frameworks/Mono.framework/Versions/Current/Commands
# environment
LSCOLORS = Gxfxcxdxbxegedabagacad
# environment
VSCODE_LOG_STACK = false
# environment
ELECTRON_RUN_AS_NODE = 1
# default
.FEATURES := target-specific order-only second-expansion else-if archives jobserver check-symlink
# environment
SSH_AUTH_SOCK = /private/tmp/com.apple.launchd.6UMMVTnZnu/Listeners
# automatic
%F = $(notdir $%)
# environment
DISPLAY = /private/tmp/com.apple.launchd.qMdfOoHQUl/org.macports:0
# environment
VSCODE_PIPE_LOGGING = true
# makefile (from `Makefile', line 29)
OBJS = $(SRCS:.c=.o)
# environment
PWD = /Users/nhs/minishell
# environment
ORIGINAL_XDG_CURRENT_DESKTOP = undefined
# environment
VSCODE_AMD_ENTRYPOINT = vs/workbench/services/extensions/node/extensionHostProcess
# environment
HOME = /Users/nhs
# default
MAKEFILEPATH = $(shell /usr/bin/xcode-select -print-path 2>/dev/null || echo /Developer)/Makefiles
# environment
VSCODE_CODE_CACHE_PATH = /Users/nhs/Library/Application Support/Code/CachedData/6cba118ac49a1b88332f312a8f67186f7f3c1643
# environment
LOGNAME = nhs
# environment
APPLICATION_INSIGHTS_NO_DIAGNOSTIC_CHANNEL = true
# environment
ZSH = /Users/nhs/.oh-my-zsh
# environment
VSCODE_HANDLES_UNCAUGHT_ERRORS = true
# automatic
^D = $(patsubst %/,%,$(dir $^))
# environment
XPC_FLAGS = 0x0
# default
MAKE = $(MAKE_COMMAND)
# default
MAKECMDGOALS := all
# makefile (from `Makefile', line 6)
SRCS = main.c parsing.c init.c ft_list.c cmds.c builtin/echo.c builtin/cd.c builtin/pwd.c builtin/env.c builtin/exit.c builtin/export.c builtin/unset.c exec/exec.c exec/exec_pipe.c exec/exec_utils.c error/print_exec_err.c utils/find_env.c utils/signal_util.c utils/ft_fd.c utils/ft_arrjoin.c utils/parsing_util.c utils/ft_strcpy_trim.c
# environment
SHLVL = 1
# makefile (from `Makefile', line 1)
CC = gcc
# default
MAKE_VERSION := 3.81
# environment
USER = nhs
# makefile
.DEFAULT_GOAL := minishell
# makefile (from `Makefile', line 4)
NAME = minishell
# environment
LESS = -R
# automatic
%D = $(patsubst %/,%,$(dir $%))
# default
MAKE_COMMAND := /Library/Developer/CommandLineTools/usr/bin/make
# default
.VARIABLES := 
# environment
TMPDIR = /var/folders/mz/r3r1c9c51zvdx5bxlbln6qfm0000gn/T/
# automatic
*F = $(notdir $*)
# environment
VSCODE_IPC_HOOK = /Users/nhs/Library/Application Support/Code/1.61.2-main.sock
# makefile
MAKEFLAGS = Rrqp
# environment
MFLAGS = -Rrqp
# automatic
*D = $(patsubst %/,%,$(dir $*))
# environment
XPC_SERVICE_NAME = application.com.microsoft.VSCode.9184658.9184664
# automatic
+D = $(patsubst %/,%,$(dir $+))
# automatic
+F = $(notdir $+)
# environment
 
__CF_USER_TEXT_ENCODING = 0x1F5:0x3:0x33
# environment
COMMAND_MODE = unix2003
# default
MAKEFILES := 
# automatic
<F = $(notdir $<)
# environment
PAGER = less
# environment
LC_ALL = C
# automatic
^F = $(notdir $^)
# default
SUFFIXES := 
# default
.INCLUDE_DIRS = /usr/local/include
# environment
MAKELEVEL := 0
# environment
LANG = C
# environment
VSCODE_PID = 5795
# variable set hash-table stats:
# Load=73/1024=7%, Rehash=0, Collisions=5/105=5%

# Pattern-specific Variable Values

# No pattern-specific variable values.

# Directories

# . (device 16777232, inode 8000562): 23 files, no impossibilities.
# builtin (device 16777232, inode 8000628): 16 files, no impossibilities so far.
# exec (device 16777232, inode 8341708): 7 files, no impossibilities so far.

# 46 files, no impossibilities in 3 directories.

# Implicit Rules

%.o: %.c
#  commands to execute (from `Makefile', line 32):
	$(CC) $(CFLAGS) -c $< -o $@ -I ./
	

# 1 implicit rules, 0 (0.0%) terminal.

# Files

# Not a target:
builtin/env.c:
#  Implicit rule search has been done.
#  Last modified 2021-10-23 13:18:55
#  File has been updated.
#  Successfully updated.
# variable set hash-table stats:
# Load=0/32=0%, Rehash=0, Collisions=0/0=0%

# Not a target:
builtin/exit.c:
#  Implicit rule search has been done.
#  Last modified 2021-10-26 14:39:59
#  File has been updated.
#  Successfully updated.
# variable set hash-table stats:
# Load=0/32=0%, Rehash=0, Collisions=0/0=0%

# Not a target:
init.c:
#  Implicit rule search has been done.
#  Last modified 2021-10-27 17:45:19
#  File has been updated.
#  Successfully updated.
# variable set hash-table stats:
# Load=0/32=0%, Rehash=0, Collisions=0/0=0%

all: minishell
#  Command-line target.
#  Implicit rule search has been done.
#  File does not exist.
#  File has been updated.
#  Needs to be updated (-q is set).
# variable set hash-table stats:
# Load=0/32=0%, Rehash=0, Collisions=0/4=0%

# Not a target:
error/print_exec_err.o:
#  Implicit rule search has not been done.
#  Modification time never checked.
#  File has not been updated.

exec/exec.o: exec/exec.c
#  Implicit rule search has been done.
#  Implicit/static pattern stem: `exec/exec'
#  Last modified 2021-10-27 17:18:42
#  File has been updated.
#  Successfully updated.
# variable set hash-table stats:
# Load=0/32=0%, Rehash=0, Collisions=0/0=0%
#  commands to execute (from `Makefile', line 32):
	$(CC) $(CFLAGS) -c $< -o $@ -I ./
	

# Not a target:
main.c:
#  Implicit rule search has been done.
#  Last modified 2021-10-26 19:59:09
#  File has been updated.
#  Successfully updated.
# variable set hash-table stats:
# Load=0/32=0%, Rehash=0, Collisions=0/0=0%

# Not a target:
parsing.c:
#  Implicit rule search has been done.
#  Last modified 2021-10-26 19:47:59
#  File has been updated.
#  Successfully updated.
# variable set hash-table stats:
# Load=0/32=0%, Rehash=0, Collisions=0/0=0%

# Not a target:
exec/exec_pipe.c:
#  Implicit rule search has been done.
#  Last modified 2021-10-27 17:52:49
#  File has been updated.
#  Successfully updated.
# variable set hash-table stats:
# Load=0/32=0%, Rehash=0, Collisions=0/0=0%

# Not a target:
builtin/unset.c:
#  Implicit rule search has been done.
#  Last modified 2021-10-23 20:07:15
#  File has been updated.
#  Successfully updated.
# variable set hash-table stats:
# Load=0/32=0%, Rehash=0, Collisions=0/0=0%

# Not a target:
utils/ft_strcpy_trim.o:
#  Implicit rule search has not been done.
#  Modification time never checked.
#  File has not been updated.

# Not a target:
.SUFFIXES:
#  Implicit rule search has not been done.
#  Modification time never checked.
#  File has not been updated.

builtin/pwd.o: builtin/pwd.c
#  Implicit rule search has been done.
#  Implicit/static pattern stem: `builtin/pwd'
#  Last modified 2021-10-27 16:56:30
#  File has been updated.
#  Successfully updated.
# variable set hash-table stats:
# Load=0/32=0%, Rehash=0, Collisions=0/0=0%
#  commands to execute (from `Makefile', line 32):
	$(CC) $(CFLAGS) -c $< -o $@ -I ./
	

builtin/cd.o: builtin/cd.c
#  Implicit rule search has been done.
#  Implicit/static pattern stem: `builtin/cd'
#  Last modified 2021-10-27 16:56:30
#  File has been updated.
#  Successfully updated.
# variable set hash-table stats:
# Load=0/32=0%, Rehash=0, Collisions=0/0=0%
#  commands to execute (from `Makefile', line 32):
	$(CC) $(CFLAGS) -c $< -o $@ -I ./
	

# Not a target:
Makefile:
#  Implicit rule search has been done.
#  Last modified 2021-10-26 19:49:25
#  File has been updated.
#  Successfully updated.
# variable set hash-table stats:
# Load=0/32=0%, Rehash=0, Collisions=0/0=0%

ft_list.o: ft_list.c
#  Implicit rule search has been done.
#  Implicit/static pattern stem: `ft_list'
#  Last modified 2021-10-27 16:56:30
#  File has been updated.
#  Successfully updated.
# variable set hash-table stats:
# Load=0/32=0%, Rehash=0, Collisions=0/0=0%
#  commands to execute (from `Makefile', line 32):
	$(CC) $(CFLAGS) -c $< -o $@ -I ./
	

# Not a target:
utils/parsing_util.o:
#  Implicit rule search has not been done.
#  Modification time never checked.
#  File has not been updated.
 

builtin/echo.o: builtin/echo.c
#  Implicit rule search has been done.
#  Implicit/static pattern stem: `builtin/echo'
#  Last modified 2021-10-27 16:56:30
#  File has been updated.
#  Successfully updated.
# variable set hash-table stats:
# Load=0/32=0%, Rehash=0, Collisions=0/0=0%
#  commands to execute (from `Makefile', line 32):
	$(CC) $(CFLAGS) -c $< -o $@ -I ./
	

builtin/export.o: builtin/export.c
#  Implicit rule search has been done.
#  Implicit/static pattern stem: `builtin/export'
#  Last modified 2021-10-27 16:56:30
#  File has been updated.
#  Successfully updated.
# variable set hash-table stats:
# Load=0/32=0%, Rehash=0, Collisions=0/0=0%
#  commands to execute (from `Makefile', line 32):
	$(CC) $(CFLAGS) -c $< -o $@ -I ./
	

minishell: main.o parsing.o init.o ft_list.o cmds.o builtin/echo.o builtin/cd.o builtin/pwd.o builtin/env.o builtin/exit.o builtin/export.o builtin/unset.o exec/exec.o exec/exec_pipe.o exec/exec_utils.o error/print_exec_err.o utils/find_env.o utils/signal_util.o utils/ft_fd.o utils/ft_arrjoin.o utils/parsing_util.o utils/ft_strcpy_trim.o
#  Implicit rule search has not been done.
#  Last modified 2021-10-27 17:47:08
#  File has been updated.
#  Needs to be updated (-q is set).
# variable set hash-table stats:
# Load=0/32=0%, Rehash=0, Collisions=0/4=0%
#  commands to execute (from `Makefile', line 35):
	@ make bonus -C ./libft/
	$(CC) $(CFLAGS) -I ./ $^ -o $@ ./libft/libft.a
	

fclean: clean
#  Implicit rule search has not been done.
#  Modification time never checked.
#  File has not been updated.
#  commands to execute (from `Makefile', line 45):
	rm -rf $(NAME)
	@ make fclean -C ./libft
	

# Not a target:
utils/find_env.o:
#  Implicit rule search has not been done.
#  Modification time never checked.
#  File has not been updated.

# Not a target:
exec/exec.c:
#  Implicit rule search has been done.
#  Last modified 2021-10-27 17:18:05
#  File has been updated.
#  Successfully updated.
# variable set hash-table stats:
# Load=0/32=0%, Rehash=0, Collisions=0/0=0%

cmds.o: cmds.c
#  Implicit rule search has been done.
#  Implicit/static pattern stem: `cmds'
#  Last modified 2021-10-27 16:56:30
#  File has been updated.
#  Successfully updated.
# variable set hash-table stats:
# Load=0/32=0%, Rehash=0, Collisions=0/0=0%
#  commands to execute (from `Makefile', line 32):
	$(CC) $(CFLAGS) -c $< -o $@ -I ./
	

# Not a target:
.DEFAULT:
#  Implicit rule search has not been done.
#  Modification time never checked.
#  File has not been updated.

# Not a target:
builtin/pwd.c:
#  Implicit rule search has been done.
#  Last modified 2021-10-26 19:15:44
#  File has been updated.
#  Successfully updated.
# variable set hash-table stats:
# Load=0/32=0%, Rehash=0, Collisions=0/0=0%

# Not a target:
builtin/cd.c:
#  Implicit rule search has been done.
#  Last modified 2021-10-26 19:47:59
#  File has been updated.
#  Successfully updated.
# variable set hash-table stats:
# Load=0/32=0%, Rehash=0, Collisions=0/0=0%

re: fclean all
#  Implicit rule search has not been done.
#  Modification time never checked.
#  File has not been updated.

# Not a target:
ft_list.c:
#  Implicit rule search has been done.
#  Last modified 2021-10-04 17:30:12
#  File has been updated.
#  Successfully updated.
# variable set hash-table stats:
# Load=0/32=0%, Rehash=0, Collisions=0/0=0%

clean:
#  Implicit rule search has not been done.
#  Modification time never checked.
#  File has not been updated.
#  commands to execute (from `Makefile', line 41):
	rm -rf $(OBJS)
	@ make clean -C ./libft
	

builtin/env.o: builtin/env.c
#  Implicit rule search has been done.
#  Implicit/static pattern stem: `builtin/env'
#  Last modified 2021-10-27 16:56:30
#  File has been updated.
#  Successfully updated.
# variable set hash-table stats:
# Load=0/32=0%, Rehash=0, Collisions=0/0=0%
#  commands to execute (from `Makefile', line 32):
	$(CC) $(CFLAGS) -c $< -o $@ -I ./
	

# Not a target:
builtin/echo.c:
#  Implicit rule search has been done.
#  Last modified 2021-10-26 19:47:59
#  File has been updated.
#  Successfully updated.
# variable set hash-table stats:
# Load=0/32=0%, Rehash=0, Collisions=0/0=0%

builtin/exit.o: builtin/exit.c
#  Implicit rule search has been done.
#  Implicit/static pattern stem: `builtin/exit'
#  Last modified 2021-10-27 16:56:30
#  File has been updated.
#  Successfully updated.
# variable set hash-table stats:
# Load=0/32=0%, Rehash=0, Collisions=0/0=0%
#  commands to execute (from `Makefile', line 32):
	$(CC) $(CFLAGS) -c $< -o $@ -I ./
	

init.o: init.c
#  Implicit rule search has been done.
#  Implicit/static pattern stem: `init'
#  Last modified 2021-10-27 17:47:07
#  File has been updated.
#  Successfully updated.
# variable set hash-table stats:
# Load=0/32=0%, Rehash=0, Collisions=0/0=0%
#  commands to execute (from `Makefile', line 32):
	$(CC) $(CFLAGS) -c $< -o $@ -I ./
	

# Not a target:
builtin/export.c:
#  Implicit rule search has been done.
#  Last modified 2021-10-23 14:59:13
#  File has been updated.
#  Successfully updated.
# variable set hash-table stats:
# Load=0/32=0%, Rehash=0, Collisions=0/0=0%

# Not a target:
utils/signal_util.o:
#  Implicit rule search has not been done.
#  Modification time never checked.
#  File has not been updated.

# Not a target:
exec/exec_utils.o:
#  Implicit rule search has not been done.
#  Modification time never checked.
#  File has not been updated.

 
main.o: main.c
#  Implicit rule search has been done.
#  Implicit/static pattern stem: `main'
#  Last modified 2021-10-27 16:56:30
#  File has been updated.
#  Successfully updated.
# variable set hash-table stats:
# Load=0/32=0%, Rehash=0, Collisions=0/0=0%
#  commands to execute (from `Makefile', line 32):
	$(CC) $(CFLAGS) -c $< -o $@ -I ./
	

# Not a target:
utils/ft_fd.o:
#  Implicit rule search has not been done.
#  Modification time never checked.
#  File has not been updated.

parsing.o: parsing.c
#  Implicit rule search has been done.
#  Implicit/static pattern stem: `parsing'
#  Last modified 2021-10-27 16:56:30
#  File has been updated.
#  Successfully updated.
# variable set hash-table stats:
# Load=0/32=0%, Rehash=0, Collisions=0/0=0%
#  commands to execute (from `Makefile', line 32):
	$(CC) $(CFLAGS) -c $< -o $@ -I ./
	

exec/exec_pipe.o: exec/exec_pipe.c
#  Implicit rule search has been done.
#  Implicit/static pattern stem: `exec/exec_pipe'
#  Last modified 2021-10-27 17:47:08
#  File has been updated.
#  Needs to be updated (-q is set).
# automatic
# @ := exec/exec_pipe.o
# automatic
# % := 
# automatic
# * := exec/exec_pipe
# automatic
# + := exec/exec_pipe.c
# automatic
# | := 
# automatic
# < := exec/exec_pipe.c
# automatic
# ^ := exec/exec_pipe.c
# automatic
# ? := exec/exec_pipe.c
# variable set hash-table stats:
# Load=8/32=25%, Rehash=0, Collisions=1/14=7%
#  commands to execute (from `Makefile', line 32):
	$(CC) $(CFLAGS) -c $< -o $@ -I ./
	

builtin/unset.o: builtin/unset.c
#  Implicit rule search has been done.
#  Implicit/static pattern stem: `builtin/unset'
#  Last modified 2021-10-27 16:56:30
#  File has been updated.
#  Successfully updated.
# variable set hash-table stats:
# Load=0/32=0%, Rehash=0, Collisions=0/0=0%
#  commands to execute (from `Makefile', line 32):
	$(CC) $(CFLAGS) -c $< -o $@ -I ./
	

# Not a target:
cmds.c:
#  Implicit rule search has been done.
#  Last modified 2021-10-23 23:20:46
#  File has been updated.
#  Successfully updated.
# variable set hash-table stats:
# Load=0/32=0%, Rehash=0, Collisions=0/0=0%

# Not a target:
utils/ft_arrjoin.o:
#  Implicit rule search has not been done.
#  Modification time never checked.
#  File has not been updated.

# files hash-table stats:
# Load=44/1024=4%, Rehash=0, Collisions=4/125=3%
# VPATH Search Paths

# No `vpath' search paths.

# No general (`VPATH' variable) search path.

# # of strings in strcache: 1
# # of strcache buffers: 1
# strcache size: total = 4096 / max = 4096 / min = 4096 / avg = 4096
# strcache free: total = 4087 / max = 4087 / min = 4087 / avg = 4087

# Finished Make data base on Thu Oct 28 12:14:08 2021

 
